{"uuid":"78da9667-a5c9-4d51-b943-160573344f90","historyId":"a0e782b27cd18a8fabca27da3b9df389","testCaseId":"76d64bbe17674c235ec1544a556895d0","fullName":"Features/Login.feature:17","labels":[{"name":"host","value":"DESKTOP-1GQ8CG3"},{"name":"thread","value":"14608@DESKTOP-1GQ8CG3.main(1)"},{"name":"feature","value":"Login"},{"name":"story","value":"Verify user is able to login with Invalid credentials"},{"name":"suite","value":"Login"},{"name":"testClass","value":"Verify user is able to login with Invalid credentials"},{"name":"framework","value":"cucumber4jvm"},{"name":"language","value":"java"},{"name":"gherkin_uri","value":"file:///C:/Users/hp/eclipse-workspace/com.cucumberTest1/Features/Login.feature"},{"name":"package","value":"Features.Login_feature.Login"}],"links":[],"name":"Verify user is able to login with Invalid credentials","status":"broken","statusDetails":{"known":false,"muted":false,"flaky":false,"message":"unknown error: net::ERR_NAME_NOT_RESOLVED\n  (Session info: chrome=131.0.6778.110)\nBuild info: version: '4.26.0', revision: '8ccf0219d7'\nSystem info: os.name: 'Windows 11', os.arch: 'amd64', os.version: '10.0', java.version: '20'\nDriver info: org.openqa.selenium.chrome.ChromeDriver\nCommand: [db5153d9c3a201d1f8dd5ec6f09e6d35, get {url=https://www.saucedemo.com/v1/index.html}]\nCapabilities {acceptInsecureCerts: false, browserName: chrome, browserVersion: 131.0.6778.110, chrome: {chromedriverVersion: 131.0.6778.85 (3d81e41b6f3a..., userDataDir: C:\\Users\\hp\\AppData\\Local\\T...}, fedcm:accounts: true, goog:chromeOptions: {debuggerAddress: localhost:62810}, networkConnectionEnabled: false, pageLoadStrategy: normal, platformName: windows, proxy: Proxy(), se:cdp: ws://localhost:62810/devtoo..., se:cdpVersion: 131.0.6778.110, setWindowRect: true, strictFileInteractability: false, timeouts: {implicit: 0, pageLoad: 300000, script: 30000}, unhandledPromptBehavior: dismiss and notify, webauthn:extension:credBlob: true, webauthn:extension:largeBlob: true, webauthn:extension:minPinLength: true, webauthn:extension:prf: true, webauthn:virtualAuthenticators: true}\nSession ID: db5153d9c3a201d1f8dd5ec6f09e6d35","trace":"org.openqa.selenium.WebDriverException: unknown error: net::ERR_NAME_NOT_RESOLVED\n  (Session info: chrome=131.0.6778.110)\nBuild info: version: '4.26.0', revision: '8ccf0219d7'\nSystem info: os.name: 'Windows 11', os.arch: 'amd64', os.version: '10.0', java.version: '20'\nDriver info: org.openqa.selenium.chrome.ChromeDriver\nCommand: [db5153d9c3a201d1f8dd5ec6f09e6d35, get {url=https://www.saucedemo.com/v1/index.html}]\nCapabilities {acceptInsecureCerts: false, browserName: chrome, browserVersion: 131.0.6778.110, chrome: {chromedriverVersion: 131.0.6778.85 (3d81e41b6f3a..., userDataDir: C:\\Users\\hp\\AppData\\Local\\T...}, fedcm:accounts: true, goog:chromeOptions: {debuggerAddress: localhost:62810}, networkConnectionEnabled: false, pageLoadStrategy: normal, platformName: windows, proxy: Proxy(), se:cdp: ws://localhost:62810/devtoo..., se:cdpVersion: 131.0.6778.110, setWindowRect: true, strictFileInteractability: false, timeouts: {implicit: 0, pageLoad: 300000, script: 30000}, unhandledPromptBehavior: dismiss and notify, webauthn:extension:credBlob: true, webauthn:extension:largeBlob: true, webauthn:extension:minPinLength: true, webauthn:extension:prf: true, webauthn:virtualAuthenticators: true}\nSession ID: db5153d9c3a201d1f8dd5ec6f09e6d35\r\n\tat java.base/jdk.internal.reflect.DirectConstructorHandleAccessor.newInstance(DirectConstructorHandleAccessor.java:67)\r\n\tat java.base/java.lang.reflect.Constructor.newInstanceWithCaller(Constructor.java:500)\r\n\tat java.base/java.lang.reflect.Constructor.newInstance(Constructor.java:484)\r\n\tat org.openqa.selenium.remote.ErrorCodec.decode(ErrorCodec.java:167)\r\n\tat org.openqa.selenium.remote.codec.w3c.W3CHttpResponseCodec.decode(W3CHttpResponseCodec.java:138)\r\n\tat org.openqa.selenium.remote.codec.w3c.W3CHttpResponseCodec.decode(W3CHttpResponseCodec.java:50)\r\n\tat org.openqa.selenium.remote.HttpCommandExecutor.execute(HttpCommandExecutor.java:190)\r\n\tat org.openqa.selenium.remote.service.DriverCommandExecutor.invokeExecute(DriverCommandExecutor.java:216)\r\n\tat org.openqa.selenium.remote.service.DriverCommandExecutor.execute(DriverCommandExecutor.java:174)\r\n\tat org.openqa.selenium.remote.RemoteWebDriver.execute(RemoteWebDriver.java:545)\r\n\tat org.openqa.selenium.remote.RemoteWebDriver.get(RemoteWebDriver.java:313)\r\n\tat stepDefinitions.steps.open_the_browser_and_enter_the_url_as(steps.java:22)\r\n\tat ✽.Open the browser and enter the URL as \"https://www.saucedemo.com/v1/index.html\"(file:///C:/Users/hp/eclipse-workspace/com.cucumberTest1/Features/Login.feature:4)\r\n"},"stage":"finished","steps":[{"name":"Given Open the browser and enter the URL as \"https://www.saucedemo.com/v1/index.html\"","status":"broken","statusDetails":{"known":false,"muted":false,"flaky":false,"message":"unknown error: net::ERR_NAME_NOT_RESOLVED\n  (Session info: chrome=131.0.6778.110)\nBuild info: version: '4.26.0', revision: '8ccf0219d7'\nSystem info: os.name: 'Windows 11', os.arch: 'amd64', os.version: '10.0', java.version: '20'\nDriver info: org.openqa.selenium.chrome.ChromeDriver\nCommand: [db5153d9c3a201d1f8dd5ec6f09e6d35, get {url=https://www.saucedemo.com/v1/index.html}]\nCapabilities {acceptInsecureCerts: false, browserName: chrome, browserVersion: 131.0.6778.110, chrome: {chromedriverVersion: 131.0.6778.85 (3d81e41b6f3a..., userDataDir: C:\\Users\\hp\\AppData\\Local\\T...}, fedcm:accounts: true, goog:chromeOptions: {debuggerAddress: localhost:62810}, networkConnectionEnabled: false, pageLoadStrategy: normal, platformName: windows, proxy: Proxy(), se:cdp: ws://localhost:62810/devtoo..., se:cdpVersion: 131.0.6778.110, setWindowRect: true, strictFileInteractability: false, timeouts: {implicit: 0, pageLoad: 300000, script: 30000}, unhandledPromptBehavior: dismiss and notify, webauthn:extension:credBlob: true, webauthn:extension:largeBlob: true, webauthn:extension:minPinLength: true, webauthn:extension:prf: true, webauthn:virtualAuthenticators: true}\nSession ID: db5153d9c3a201d1f8dd5ec6f09e6d35","trace":"org.openqa.selenium.WebDriverException: unknown error: net::ERR_NAME_NOT_RESOLVED\n  (Session info: chrome=131.0.6778.110)\nBuild info: version: '4.26.0', revision: '8ccf0219d7'\nSystem info: os.name: 'Windows 11', os.arch: 'amd64', os.version: '10.0', java.version: '20'\nDriver info: org.openqa.selenium.chrome.ChromeDriver\nCommand: [db5153d9c3a201d1f8dd5ec6f09e6d35, get {url=https://www.saucedemo.com/v1/index.html}]\nCapabilities {acceptInsecureCerts: false, browserName: chrome, browserVersion: 131.0.6778.110, chrome: {chromedriverVersion: 131.0.6778.85 (3d81e41b6f3a..., userDataDir: C:\\Users\\hp\\AppData\\Local\\T...}, fedcm:accounts: true, goog:chromeOptions: {debuggerAddress: localhost:62810}, networkConnectionEnabled: false, pageLoadStrategy: normal, platformName: windows, proxy: Proxy(), se:cdp: ws://localhost:62810/devtoo..., se:cdpVersion: 131.0.6778.110, setWindowRect: true, strictFileInteractability: false, timeouts: {implicit: 0, pageLoad: 300000, script: 30000}, unhandledPromptBehavior: dismiss and notify, webauthn:extension:credBlob: true, webauthn:extension:largeBlob: true, webauthn:extension:minPinLength: true, webauthn:extension:prf: true, webauthn:virtualAuthenticators: true}\nSession ID: db5153d9c3a201d1f8dd5ec6f09e6d35\r\n\tat java.base/jdk.internal.reflect.DirectConstructorHandleAccessor.newInstance(DirectConstructorHandleAccessor.java:67)\r\n\tat java.base/java.lang.reflect.Constructor.newInstanceWithCaller(Constructor.java:500)\r\n\tat java.base/java.lang.reflect.Constructor.newInstance(Constructor.java:484)\r\n\tat org.openqa.selenium.remote.ErrorCodec.decode(ErrorCodec.java:167)\r\n\tat org.openqa.selenium.remote.codec.w3c.W3CHttpResponseCodec.decode(W3CHttpResponseCodec.java:138)\r\n\tat org.openqa.selenium.remote.codec.w3c.W3CHttpResponseCodec.decode(W3CHttpResponseCodec.java:50)\r\n\tat org.openqa.selenium.remote.HttpCommandExecutor.execute(HttpCommandExecutor.java:190)\r\n\tat org.openqa.selenium.remote.service.DriverCommandExecutor.invokeExecute(DriverCommandExecutor.java:216)\r\n\tat org.openqa.selenium.remote.service.DriverCommandExecutor.execute(DriverCommandExecutor.java:174)\r\n\tat org.openqa.selenium.remote.RemoteWebDriver.execute(RemoteWebDriver.java:545)\r\n\tat org.openqa.selenium.remote.RemoteWebDriver.get(RemoteWebDriver.java:313)\r\n\tat stepDefinitions.steps.open_the_browser_and_enter_the_url_as(steps.java:22)\r\n\tat ✽.Open the browser and enter the URL as \"https://www.saucedemo.com/v1/index.html\"(file:///C:/Users/hp/eclipse-workspace/com.cucumberTest1/Features/Login.feature:4)\r\n"},"stage":"finished","steps":[],"attachments":[],"parameters":[],"start":1733919229534,"stop":1733919243489},{"name":"When Enter the username as \"standard_user\"","status":"skipped","statusDetails":{"known":false,"muted":false,"flaky":false},"stage":"finished","steps":[],"attachments":[],"parameters":[],"start":1733919243491,"stop":1733919243494},{"name":"When Enter the password as \"secret_sauce\"","status":"skipped","statusDetails":{"known":false,"muted":false,"flaky":false},"stage":"finished","steps":[],"attachments":[],"parameters":[],"start":1733919243495,"stop":1733919243496},{"name":"When Click on Login button","status":"skipped","statusDetails":{"known":false,"muted":false,"flaky":false},"stage":"finished","steps":[],"attachments":[],"parameters":[],"start":1733919243496,"stop":1733919243497},{"name":"Then Expected title is \"Swag Labs\"","status":"skipped","statusDetails":{"known":false,"muted":false,"flaky":false},"stage":"finished","steps":[],"attachments":[],"parameters":[],"start":1733919243498,"stop":1733919243499},{"name":"And Close the browser","status":"skipped","statusDetails":{"known":false,"muted":false,"flaky":false},"stage":"finished","steps":[],"attachments":[],"parameters":[],"start":1733919243500,"stop":1733919243501}],"attachments":[],"parameters":[],"start":1733919229534,"stop":1733919253674}